timestamp: 2015-10-19T16:21:43.183172
CREATE TABLE auth_user(
    id INTEGER PRIMARY KEY AUTOINCREMENT,
    first_name CHAR(128),
    last_name CHAR(128),
    email CHAR(512),
    password CHAR(512),
    registration_key CHAR(512),
    reset_password_key CHAR(512),
    registration_id CHAR(512)
);
success!
timestamp: 2015-10-19T16:21:43.251462
CREATE TABLE auth_group(
    id INTEGER PRIMARY KEY AUTOINCREMENT,
    role CHAR(512),
    description TEXT
);
success!
timestamp: 2015-10-19T16:21:43.269269
CREATE TABLE auth_membership(
    id INTEGER PRIMARY KEY AUTOINCREMENT,
    user_id INTEGER REFERENCES auth_user (id) ON DELETE CASCADE,
    group_id INTEGER REFERENCES auth_group (id) ON DELETE CASCADE
);
success!
timestamp: 2015-10-19T16:21:43.279595
CREATE TABLE auth_permission(
    id INTEGER PRIMARY KEY AUTOINCREMENT,
    group_id INTEGER REFERENCES auth_group (id) ON DELETE CASCADE,
    name CHAR(512),
    table_name CHAR(512),
    record_id INTEGER
);
success!
timestamp: 2015-10-19T16:21:43.291615
CREATE TABLE auth_event(
    id INTEGER PRIMARY KEY AUTOINCREMENT,
    time_stamp TIMESTAMP,
    client_ip CHAR(512),
    user_id INTEGER REFERENCES auth_user (id) ON DELETE CASCADE,
    origin CHAR(512),
    description TEXT
);
success!
timestamp: 2015-10-19T16:21:43.303470
CREATE TABLE auth_cas(
    id INTEGER PRIMARY KEY AUTOINCREMENT,
    user_id INTEGER REFERENCES auth_user (id) ON DELETE CASCADE,
    created_on TIMESTAMP,
    service CHAR(512),
    ticket CHAR(512),
    renew CHAR(1)
);
success!
timestamp: 2015-11-06T10:45:03.653185
CREATE TABLE auth_user(
    id SERIAL PRIMARY KEY,
    first_name VARCHAR(128),
    last_name VARCHAR(128),
    email VARCHAR(512),
    password VARCHAR(512),
    registration_key VARCHAR(512),
    reset_password_key VARCHAR(512),
    registration_id VARCHAR(512)
);
success!
timestamp: 2015-11-06T10:45:04.182638
CREATE TABLE auth_group(
    id SERIAL PRIMARY KEY,
    role VARCHAR(512),
    description TEXT
);
success!
timestamp: 2015-11-06T10:45:04.229767
CREATE TABLE auth_membership(
    id SERIAL PRIMARY KEY,
    user_id INTEGER REFERENCES auth_user (id) ON DELETE CASCADE,
    group_id INTEGER REFERENCES auth_group (id) ON DELETE CASCADE
);
success!
timestamp: 2015-11-06T10:45:04.326622
CREATE TABLE auth_permission(
    id SERIAL PRIMARY KEY,
    group_id INTEGER REFERENCES auth_group (id) ON DELETE CASCADE,
    name VARCHAR(512),
    table_name VARCHAR(512),
    record_id INTEGER
);
success!
timestamp: 2015-11-06T10:45:04.451012
CREATE TABLE auth_event(
    id SERIAL PRIMARY KEY,
    time_stamp TIMESTAMP,
    client_ip VARCHAR(512),
    user_id INTEGER REFERENCES auth_user (id) ON DELETE CASCADE,
    origin VARCHAR(512),
    description TEXT
);
success!
timestamp: 2015-11-06T10:45:04.497086
CREATE TABLE auth_cas(
    id SERIAL PRIMARY KEY,
    user_id INTEGER REFERENCES auth_user (id) ON DELETE CASCADE,
    created_on TIMESTAMP,
    service VARCHAR(512),
    ticket VARCHAR(512),
    renew CHAR(1)
);
success!
timestamp: 2015-11-06T10:48:06.611901
CREATE TABLE wwfgeom(
    id SERIAL PRIMARY KEY,
    recid INTEGER
);
success!
timestamp: 2015-11-06T16:48:34.221018
CREATE TABLE tempgeom(
    id SERIAL PRIMARY KEY
);
success!
timestamp: 2015-11-12T12:31:56.567575
CREATE TABLE realmbiome(
    id SERIAL PRIMARY KEY,
    tid INTEGER,
    bid INTEGER,
    seg_area FLOAT8,
    theme_area FLOAT8,
    base_area FLOAT8
);
success!
timestamp: 2015-11-12T12:35:35.916181
ALTER TABLE realmbiome ADD bid__tmp TEXT;
UPDATE realmbiome SET bid__tmp=bid;
ALTER TABLE realmbiome DROP COLUMN bid;
ALTER TABLE realmbiome ADD bid TEXT;
UPDATE realmbiome SET bid=bid__tmp;
ALTER TABLE realmbiome DROP COLUMN bid__tmp;
success!
DROP TABLE realmbiome ;
success!
timestamp: 2015-11-12T12:38:01.690658
CREATE TABLE realmbiome(
    id SERIAL PRIMARY KEY,
    tid INTEGER,
    bid TEXT,
    seg_area FLOAT8,
    theme_area FLOAT8,
    base_area FLOAT8
);
success!
timestamp: 2015-11-13T10:47:33.587387
CREATE TABLE wh(
    id SERIAL PRIMARY KEY,
    wdpaid INTEGER,
    unesid INTEGER,
    en_name TEXT,
    fr_name TEXT,
    country TEXT,
    criteria TEXT
);
success!
timestamp: 2015-11-13T14:28:21.413303
ALTER TABLE tempgeom ADD tempid INTEGER;
success!
timestamp: 2015-11-13T16:08:39.716441
CREATE TABLE result(
    id SERIAL PRIMARY KEY,
    tempid INTEGER,
    bid TEXT,
    baselayer TEXT
);
success!
timestamp: 2015-11-13T17:08:25.617830
CREATE TABLE intersect_taken(
    id SERIAL PRIMARY KEY,
    tempid INTEGER,
    baselayer TEXT,
    intersection CHAR(1)
);
success!
timestamp: 2015-11-13T17:08:25.639801
CREATE TABLE realmbiome_lookup(
    id SERIAL PRIMARY KEY,
    bid TEXT,
    name TEXT
);
success!
timestamp: 2015-11-13T17:08:25.651667
CREATE TABLE realmbiome_geom(
    id SERIAL PRIMARY KEY,
    bid TEXT
);
success!
DROP TABLE wwfgeom ;
DROP TABLE wwfgeom ;
DROP TABLE wwfgeom ;
success!
timestamp: 2015-11-16T11:56:34.344535
ALTER TABLE intersect_taken DROP COLUMN intersection;
success!
timestamp: 2015-11-17T12:02:30.735511
CREATE TABLE kba(
    id SERIAL PRIMARY KEY,
    tid INTEGER,
    bid TEXT,
    seg_area FLOAT8,
    theme_area FLOAT8,
    base_area FLOAT8
);
success!
timestamp: 2015-11-17T12:02:30.745460
CREATE TABLE hs(
    id SERIAL PRIMARY KEY,
    tid INTEGER,
    bid TEXT,
    seg_area FLOAT8,
    theme_area FLOAT8,
    base_area FLOAT8
);
success!
timestamp: 2015-11-17T12:02:30.765609
CREATE TABLE kba_geom(
    id SERIAL PRIMARY KEY,
    bid TEXT
);
success!
timestamp: 2015-11-17T12:02:30.783052
CREATE TABLE hs_geom(
    id SERIAL PRIMARY KEY,
    bid TEXT
);
success!
timestamp: 2015-11-17T12:02:30.792622
CREATE TABLE whgeom(
    id SERIAL PRIMARY KEY,
    wdpaid INTEGER
);
success!
timestamp: 2015-11-17T12:33:00.913515
CREATE TABLE kba_lookup(
    id SERIAL PRIMARY KEY,
    bid TEXT,
    name TEXT
);
success!
